<?xml version="1.0" encoding="UTF-8"?>
<robot generator="Robot 7.2 (Python 3.13.1 on win32)" generated="2025-02-03T17:02:40.416244" rpa="false" schemaversion="5">
<suite id="s1" name="TP validation automation" source="C:\Users\Administrateur\Desktop\TP_validation_automation">
<suite id="s1-s1" name="TP appium" source="C:\Users\Administrateur\Desktop\TP_validation_automation\TP_appium">
<suite id="s1-s1-s1" name="Tests" source="C:\Users\Administrateur\Desktop\TP_validation_automation\TP_appium\tests">
<suite id="s1-s1-s1-s1" name="API demos test" source="C:\Users\Administrateur\Desktop\TP_validation_automation\TP_appium\tests\API_demos_test.robot">
<test id="s1-s1-s1-s1-t1" name="I Want To Verify Seekbar" line="24">
<kw name="Open Application To API Demos" owner="keyword" type="SETUP">
<kw name="Open Application" owner="AppiumLibrary">
<arg>${REMOTE_URL}</arg>
<arg>platformName=${PLATFORM_NAME}</arg>
<arg>platformVersion=${PLATFORM_VERSION}</arg>
<arg>deviceName=${DEVICE_NAME}</arg>
<arg>appActivity=${API_DEMOS_APP_ACTIVITY}</arg>
<arg>appPackage=${API_DEMOS_APP_PACKAGE}</arg>
<doc>Opens a new application to given Appium server.
Capabilities of appium server, Android and iOS,
Please check https://appium.io/docs/en/2.1/cli/args/
| *Option*            | *Man.* | *Description*     |
| remote_url          | Yes    | Appium server url |
| alias               | no     | alias             |
| strict_ssl          | No     | allows you to send commands to an invalid certificate host like a self-signed one. |</doc>
<status status="PASS" start="2025-02-03T17:02:40.617410" elapsed="9.219205"/>
</kw>
<kw name="Page Should Contain Element" owner="AppiumLibrary">
<msg time="2025-02-03T17:02:50.758416" level="INFO">Current page contains element 'id=android:id/list'.</msg>
<msg time="2025-02-03T17:02:50.758957" level="INFO">criteria is android:id/list</msg>
<arg>id=android:id/list</arg>
<doc>Verifies that current page contains `locator` element.</doc>
<status status="PASS" start="2025-02-03T17:02:49.836875" elapsed="0.922284"/>
</kw>
<doc>Test pour ouvrir l'application API Demos</doc>
<status status="PASS" start="2025-02-03T17:02:40.616603" elapsed="10.142762"/>
</kw>
<kw name="Given Open Application To API Demos" owner="keyword">
<kw name="Open Application" owner="AppiumLibrary">
<arg>${REMOTE_URL}</arg>
<arg>platformName=${PLATFORM_NAME}</arg>
<arg>platformVersion=${PLATFORM_VERSION}</arg>
<arg>deviceName=${DEVICE_NAME}</arg>
<arg>appActivity=${API_DEMOS_APP_ACTIVITY}</arg>
<arg>appPackage=${API_DEMOS_APP_PACKAGE}</arg>
<doc>Opens a new application to given Appium server.
Capabilities of appium server, Android and iOS,
Please check https://appium.io/docs/en/2.1/cli/args/
| *Option*            | *Man.* | *Description*     |
| remote_url          | Yes    | Appium server url |
| alias               | no     | alias             |
| strict_ssl          | No     | allows you to send commands to an invalid certificate host like a self-signed one. |</doc>
<status status="PASS" start="2025-02-03T17:02:50.761832" elapsed="10.282969"/>
</kw>
<kw name="Page Should Contain Element" owner="AppiumLibrary">
<msg time="2025-02-03T17:03:02.365810" level="INFO">Current page contains element 'id=android:id/list'.</msg>
<msg time="2025-02-03T17:03:02.366008" level="INFO">criteria is android:id/list</msg>
<arg>id=android:id/list</arg>
<doc>Verifies that current page contains `locator` element.</doc>
<status status="PASS" start="2025-02-03T17:03:01.045034" elapsed="1.321170"/>
</kw>
<doc>Test pour ouvrir l'application API Demos</doc>
<status status="PASS" start="2025-02-03T17:02:50.759957" elapsed="11.606381"/>
</kw>
<kw name="When I Open Views" owner="keyword">
<kw name="Click Element If Visible" owner="library">
<kw name="Wait Until Element Is Visible" owner="AppiumLibrary">
<msg time="2025-02-03T17:03:02.886495" level="INFO">xpath criteria: //android.widget.TextView[@content-desc="Views"]</msg>
<arg>${locator}</arg>
<arg>timeout=5s</arg>
<doc>Waits until element specified with `locator` is visible.</doc>
<status status="PASS" start="2025-02-03T17:03:02.369643" elapsed="0.517036"/>
</kw>
<kw name="Page Should Contain Element" owner="AppiumLibrary">
<msg time="2025-02-03T17:03:02.920864" level="INFO">Current page contains element '//android.widget.TextView[@content-desc="Views"]'.</msg>
<msg time="2025-02-03T17:03:02.921046" level="INFO">xpath criteria: //android.widget.TextView[@content-desc="Views"]</msg>
<arg>${locator}</arg>
<doc>Verifies that current page contains `locator` element.</doc>
<status status="PASS" start="2025-02-03T17:03:02.886856" elapsed="0.034389"/>
</kw>
<kw name="Log" owner="BuiltIn">
<msg time="2025-02-03T17:03:02.921727" level="INFO">Clicking on //android.widget.TextView[@content-desc="Views"]</msg>
<arg>Clicking on ${locator}</arg>
<doc>Logs the given message with the given level.</doc>
<status status="PASS" start="2025-02-03T17:03:02.921406" elapsed="0.000517"/>
</kw>
<kw name="Click Element" owner="AppiumLibrary">
<msg time="2025-02-03T17:03:02.923049" level="INFO">Clicking element '//android.widget.TextView[@content-desc="Views"]'.</msg>
<msg time="2025-02-03T17:03:04.596514" level="INFO">xpath criteria: //android.widget.TextView[@content-desc="Views"]</msg>
<arg>${locator}</arg>
<doc>Click element identified by `locator`.</doc>
<status status="PASS" start="2025-02-03T17:03:02.922026" elapsed="1.674843"/>
</kw>
<arg>${VIEWS}</arg>
<doc>This keyword clicks an element</doc>
<status status="PASS" start="2025-02-03T17:03:02.369333" elapsed="2.227972"/>
</kw>
<doc>Cliquer sur Views dans le menu principal.</doc>
<status status="PASS" start="2025-02-03T17:03:02.367749" elapsed="2.229760"/>
</kw>
<kw name="Then I Open Seekbar And I Put To 88" owner="keyword">
<kw name="Swipe" owner="AppiumLibrary">
<arg>500</arg>
<arg>1500</arg>
<arg>200</arg>
<arg>500</arg>
<arg>800</arg>
<doc>Swipe from one point to another point, for an optional duration.</doc>
<status status="PASS" start="2025-02-03T17:03:04.601403" elapsed="1.103017"/>
</kw>
<kw name="Swipe" owner="AppiumLibrary">
<arg>500</arg>
<arg>1500</arg>
<arg>200</arg>
<arg>500</arg>
<arg>800</arg>
<doc>Swipe from one point to another point, for an optional duration.</doc>
<status status="PASS" start="2025-02-03T17:03:05.704630" elapsed="1.099546"/>
</kw>
<kw name="Swipe" owner="AppiumLibrary">
<arg>500</arg>
<arg>1500</arg>
<arg>200</arg>
<arg>500</arg>
<arg>800</arg>
<doc>Swipe from one point to another point, for an optional duration.</doc>
<status status="PASS" start="2025-02-03T17:03:06.804388" elapsed="1.100225"/>
</kw>
<kw name="Click Element If Visible" owner="library">
<kw name="Wait Until Element Is Visible" owner="AppiumLibrary">
<msg time="2025-02-03T17:03:08.936416" level="INFO">xpath criteria: //android.widget.TextView[@content-desc="Seek Bar"]</msg>
<arg>${locator}</arg>
<arg>timeout=5s</arg>
<doc>Waits until element specified with `locator` is visible.</doc>
<status status="PASS" start="2025-02-03T17:03:07.905393" elapsed="1.031223"/>
</kw>
<kw name="Page Should Contain Element" owner="AppiumLibrary">
<msg time="2025-02-03T17:03:08.968464" level="INFO">Current page contains element '//android.widget.TextView[@content-desc="Seek Bar"]'.</msg>
<msg time="2025-02-03T17:03:08.968704" level="INFO">xpath criteria: //android.widget.TextView[@content-desc="Seek Bar"]</msg>
<arg>${locator}</arg>
<doc>Verifies that current page contains `locator` element.</doc>
<status status="PASS" start="2025-02-03T17:03:08.936777" elapsed="0.032259"/>
</kw>
<kw name="Log" owner="BuiltIn">
<msg time="2025-02-03T17:03:08.969501" level="INFO">Clicking on //android.widget.TextView[@content-desc="Seek Bar"]</msg>
<arg>Clicking on ${locator}</arg>
<doc>Logs the given message with the given level.</doc>
<status status="PASS" start="2025-02-03T17:03:08.969212" elapsed="0.000444"/>
</kw>
<kw name="Click Element" owner="AppiumLibrary">
<msg time="2025-02-03T17:03:08.970794" level="INFO">Clicking element '//android.widget.TextView[@content-desc="Seek Bar"]'.</msg>
<msg time="2025-02-03T17:03:10.390700" level="INFO">xpath criteria: //android.widget.TextView[@content-desc="Seek Bar"]</msg>
<arg>${locator}</arg>
<doc>Click element identified by `locator`.</doc>
<status status="PASS" start="2025-02-03T17:03:08.969772" elapsed="1.421482"/>
</kw>
<arg>${seekbar_button}</arg>
<doc>This keyword clicks an element</doc>
<status status="PASS" start="2025-02-03T17:03:07.904882" elapsed="2.486537"/>
</kw>
<kw name="Click Element If Visible" owner="library">
<kw name="Wait Until Element Is Visible" owner="AppiumLibrary">
<msg time="2025-02-03T17:03:10.449400" level="INFO">xpath criteria: //android.widget.SeekBar[@resource-id="io.appium.android.apis:id/seek"]</msg>
<arg>${locator}</arg>
<arg>timeout=5s</arg>
<doc>Waits until element specified with `locator` is visible.</doc>
<status status="PASS" start="2025-02-03T17:03:10.392896" elapsed="0.056762"/>
</kw>
<kw name="Page Should Contain Element" owner="AppiumLibrary">
<msg time="2025-02-03T17:03:10.490968" level="INFO">Current page contains element '//android.widget.SeekBar[@resource-id="io.appium.android.apis:id/seek"]'.</msg>
<msg time="2025-02-03T17:03:10.491136" level="INFO">xpath criteria: //android.widget.SeekBar[@resource-id="io.appium.android.apis:id/seek"]</msg>
<arg>${locator}</arg>
<doc>Verifies that current page contains `locator` element.</doc>
<status status="PASS" start="2025-02-03T17:03:10.449840" elapsed="0.041566"/>
</kw>
<kw name="Log" owner="BuiltIn">
<msg time="2025-02-03T17:03:10.492373" level="INFO">Clicking on //android.widget.SeekBar[@resource-id="io.appium.android.apis:id/seek"]</msg>
<arg>Clicking on ${locator}</arg>
<doc>Logs the given message with the given level.</doc>
<status status="PASS" start="2025-02-03T17:03:10.491769" elapsed="0.000790"/>
</kw>
<kw name="Click Element" owner="AppiumLibrary">
<msg time="2025-02-03T17:03:10.493743" level="INFO">Clicking element '//android.widget.SeekBar[@resource-id="io.appium.android.apis:id/seek"]'.</msg>
<msg time="2025-02-03T17:03:10.586807" level="INFO">xpath criteria: //android.widget.SeekBar[@resource-id="io.appium.android.apis:id/seek"]</msg>
<arg>${locator}</arg>
<doc>Click element identified by `locator`.</doc>
<status status="PASS" start="2025-02-03T17:03:10.492730" elapsed="0.094315"/>
</kw>
<arg>${SEEKBAR}</arg>
<doc>This keyword clicks an element</doc>
<status status="PASS" start="2025-02-03T17:03:10.391645" elapsed="0.195554"/>
</kw>
<kw name="Swipe" owner="AppiumLibrary">
<arg>${908}</arg>
<arg>${309}</arg>
<arg>${917}</arg>
<arg>${309}</arg>
<doc>Swipe from one point to another point, for an optional duration.</doc>
<status status="PASS" start="2025-02-03T17:03:10.587354" elapsed="1.301738"/>
</kw>
<kw name="Get Text" owner="AppiumLibrary">
<msg time="2025-02-03T17:03:12.409646" level="INFO">Element '//android.widget.TextView[@resource-id="io.appium.android.apis:id/progress"]' text is '88 from touch=true' </msg>
<msg time="2025-02-03T17:03:12.409835" level="INFO">xpath criteria: //android.widget.TextView[@resource-id="io.appium.android.apis:id/progress"]</msg>
<arg>${PROGRESS}</arg>
<doc>Get element text (for hybrid and mobile browser use `xpath` locator, others might cause problem)</doc>
<status status="PASS" start="2025-02-03T17:03:11.889272" elapsed="0.520741"/>
</kw>
<kw name="Should Contain" owner="BuiltIn">
<msg time="2025-02-03T17:03:12.410697" level="FAIL">'//android.widget.TextView[@resource-id="io.appium.android.apis:id/progress"]' does not contain '88 from touch=true'</msg>
<arg>${PROGRESS}</arg>
<arg>88 from touch=true</arg>
<doc>Fails if ``container`` does not contain ``item`` one or more times.</doc>
<status status="FAIL" start="2025-02-03T17:03:12.410197" elapsed="0.000729">'//android.widget.TextView[@resource-id="io.appium.android.apis:id/progress"]' does not contain '88 from touch=true'</status>
</kw>
<doc>Cliquer sur Seekbar dans le menu principal.</doc>
<status status="FAIL" start="2025-02-03T17:03:04.599787" elapsed="7.811273">'//android.widget.TextView[@resource-id="io.appium.android.apis:id/progress"]' does not contain '88 from touch=true'</status>
</kw>
<kw name="Close Application" owner="AppiumLibrary" type="TEARDOWN">
<doc>Closes the current application and also close webdriver session.</doc>
<status status="PASS" start="2025-02-03T17:03:12.412637" elapsed="0.298311"/>
</kw>
<doc>e</doc>
<status status="FAIL" start="2025-02-03T17:02:40.614947" elapsed="32.096358">'//android.widget.TextView[@resource-id="io.appium.android.apis:id/progress"]' does not contain '88 from touch=true'</status>
</test>
<doc>Importe les libraries et les ressources</doc>
<status status="FAIL" start="2025-02-03T17:02:40.439531" elapsed="32.273498"/>
</suite>
<status status="FAIL" start="2025-02-03T17:02:40.437736" elapsed="32.276998"/>
</suite>
<status status="FAIL" start="2025-02-03T17:02:40.435457" elapsed="32.280495"/>
</suite>
<status status="FAIL" start="2025-02-03T17:02:40.419269" elapsed="32.297943"/>
</suite>
<statistics>
<total>
<stat pass="0" fail="1" skip="0">All Tests</stat>
</total>
<tag>
</tag>
<suite>
<stat name="TP validation automation" id="s1" pass="0" fail="1" skip="0">TP validation automation</stat>
<stat name="TP appium" id="s1-s1" pass="0" fail="1" skip="0">TP validation automation.TP appium</stat>
<stat name="Tests" id="s1-s1-s1" pass="0" fail="1" skip="0">TP validation automation.TP appium.Tests</stat>
<stat name="API demos test" id="s1-s1-s1-s1" pass="0" fail="1" skip="0">TP validation automation.TP appium.Tests.API demos test</stat>
</suite>
</statistics>
<errors>
</errors>
</robot>
